<?xml version="1.0" encoding="UTF-8"?>
<testng-results ignored="0" total="1" passed="1" failed="0" skipped="0">
  <reporter-output>
  </reporter-output>
  <suite started-at="2024-09-19T00:14:55 CDT" name="Default suite" finished-at="2024-09-19T00:15:02 CDT" duration-ms="6437">
    <groups>
    </groups>
    <test started-at="2024-09-19T00:14:55 CDT" name="Default test" finished-at="2024-09-19T00:15:02 CDT" duration-ms="6437">
      <class name="com.sampleJenkins.jenikns.orangehrm">
        <test-method signature="login()[pri:0, instance:com.sampleJenkins.jenikns.orangehrm@48f2bd5b]" started-at="2024-09-19T00:14:55 CDT" name="login" finished-at="2024-09-19T00:15:02 CDT" duration-ms="6391" status="PASS">
          <reporter-output>
          </reporter-output>
        </test-method> <!-- login -->
      </class> <!-- com.sampleJenkins.jenikns.orangehrm -->
    </test> <!-- Default test -->
  </suite> <!-- Default suite -->
</testng-results>
